<?xml version="1.0" encoding="UTF-8"?>
<!-- Generated by org.testng.reporters.JUnitReportReporter -->
<testsuite name="programs.handlecalendertable" tests="1" time="9.802" ignored="0" failures="0" timestamp="08 Oct 2020 15:18:29 GMT" skipped="0" hostname="karthik-PC" errors="0">
  <testcase name="calendertable1" time="9.802" classname="programs.handlecalendertable"/>
</testsuite> <!-- programs.handlecalendertable -->
