<?xml version="1.0" encoding="UTF-8"?>
<!-- Generated by org.testng.reporters.JUnitReportReporter -->
<testsuite name="programs.handlecalendertable" tests="1" time="10.138" ignored="0" failures="0" timestamp="14 Sep 2020 02:00:31 GMT" skipped="0" hostname="karthik-PC" errors="0">
  <testcase name="calendertable1" time="10.138" classname="programs.handlecalendertable"/>
</testsuite> <!-- programs.handlecalendertable -->
